2012-12-02 15:38:58: (log.c.166) server started 
2012-12-02 15:38:58: (server.c.987) WARNING: unknown config-key: erver.modules (ignored) 
2012-12-02 15:38:58: (server.c.987) WARNING: unknown config-key: accesslog.filename (ignored) 
2012-12-02 15:38:58: (server.c.987) WARNING: unknown config-key: proxy.balance (ignored) 
2012-12-02 15:38:58: (server.c.987) WARNING: unknown config-key: proxy.server (ignored) 
2012-12-02 15:43:17: (log.c.166) server started 
2012-12-02 15:47:17: (log.c.166) server started 
2012-12-02 15:48:29: (log.c.166) server started 
2012-12-02 15:49:19: (log.c.166) server started 
2012-12-02 15:51:44: (log.c.166) server started 
2012-12-02 15:56:27: (log.c.166) server started 
2012-12-02 15:57:07: (log.c.166) server started 
2012-12-02 16:01:08: (log.c.166) server started 
2012-12-02 16:05:57: (log.c.166) server started 
2012-12-02 16:08:12: (log.c.166) server started 
2012-12-02 16:08:58: (log.c.166) server started 
2012-12-02 16:09:23: (mod_proxy.c.1065) proxy-server disabled: 127.0.0.1 9001 7 
2012-12-02 16:09:28: (mod_proxy.c.1372) proxy - re-enabled: 127.0.0.1 9001 
2012-12-02 16:11:32: (log.c.166) server started 
2012-12-02 16:15:04: (log.c.166) server started 
2012-12-02 16:15:36: (mod_proxy.c.1065) proxy-server disabled: 127.0.0.1 9001 7 
2012-12-02 16:15:41: (mod_proxy.c.1372) proxy - re-enabled: 127.0.0.1 9001 
2012-12-02 16:16:31: (log.c.166) server started 
2012-12-02 16:28:29: (log.c.166) server started 
2012-12-02 16:31:53: (log.c.166) server started 
2012-12-02 16:32:50: (log.c.166) server started 
2012-12-02 16:32:50: (server.c.987) WARNING: unknown config-key: erver.modules (ignored) 
2012-12-02 16:32:50: (server.c.987) WARNING: unknown config-key: accesslog.filename (ignored) 
2012-12-02 16:32:50: (server.c.987) WARNING: unknown config-key: proxy.balance (ignored) 
2012-12-02 16:32:50: (server.c.987) WARNING: unknown config-key: proxy.server (ignored) 
2012-12-02 16:33:37: (log.c.166) server started 
2012-12-02 16:33:37: (server.c.987) WARNING: unknown config-key: erver.modules (ignored) 
2012-12-02 16:33:37: (server.c.987) WARNING: unknown config-key: accesslog.filename (ignored) 
2012-12-02 16:33:37: (server.c.987) WARNING: unknown config-key: proxy.balance (ignored) 
2012-12-02 16:33:37: (server.c.987) WARNING: unknown config-key: proxy.server (ignored) 
2012-12-02 16:34:39: (log.c.166) server started 
2012-12-02 16:40:15: (log.c.166) server started 
2012-12-02 16:41:26: (log.c.166) server started 
2012-12-02 16:41:26: (server.c.987) WARNING: unknown config-key: url.redirect (ignored) 
2012-12-02 16:43:53: (log.c.166) server started 
2012-12-02 16:43:53: (server.c.987) WARNING: unknown config-key: url.redirect (ignored) 
2012-12-02 16:45:10: (log.c.166) server started 
2012-12-02 16:45:10: (server.c.987) WARNING: unknown config-key: url.redirect (ignored) 
2012-12-02 16:51:34: (log.c.166) server started 
2012-12-02 16:54:51: (log.c.166) server started 
2012-12-02 16:55:58: (log.c.166) server started 
2012-12-02 16:57:29: (log.c.166) server started 
2012-12-02 16:57:29: (server.c.987) WARNING: unknown config-key: url.redirect (ignored) 
2012-12-02 17:00:27: (log.c.166) server started 
2012-12-02 17:00:27: (server.c.987) WARNING: unknown config-key: url.redirect (ignored) 
2012-12-02 17:01:05: (log.c.166) server started 
